nohup: ignoring input
test_1.sh: line 3: !/bin/bashn: No such file or directory
/home/hantai/anaconda3/envs/py36/lib/python3.6/site-packages/sklearn/externals/joblib/__init__.py:15: FutureWarning: sklearn.externals.joblib is deprecated in 0.21 and will be removed in 0.23. Please import this functionality directly from joblib, which can be installed with: pip install joblib. If this warning is raised when loading pickled models, you may need to re-serialize those models with scikit-learn 0.21+.
  warnings.warn(msg, category=FutureWarning)
./test_yeast5/standlization_data/yeast5_std_train_4.csv
./test_yeast5/standlization_data/yeast5_std_test_4.csv
MLP_im2_2000
both_num_10_half
./test_yeast5/model_MLP_im2_2000/record_1/MLP_im2_2000_4
./test_yeast5/result_MLP_im2_2000_both_num_10_half/record_1/
----------------------



the AUC is 0.9261363636363638

the Fscore is 0.7692307692307692

the precision is 0.6666666666666666

the recall is 0.9090909090909091

Done
/home/hantai/anaconda3/envs/py36/lib/python3.6/site-packages/sklearn/externals/joblib/__init__.py:15: FutureWarning: sklearn.externals.joblib is deprecated in 0.21 and will be removed in 0.23. Please import this functionality directly from joblib, which can be installed with: pip install joblib. If this warning is raised when loading pickled models, you may need to re-serialize those models with scikit-learn 0.21+.
  warnings.warn(msg, category=FutureWarning)
./test_yeast5/standlization_data/yeast5_std_train_5.csv
./test_yeast5/standlization_data/yeast5_std_test_5.csv
MLP_im2_2000
both_num_10_half
./test_yeast5/model_MLP_im2_2000/record_1/MLP_im2_2000_5
./test_yeast5/result_MLP_im2_2000_both_num_10_half/record_1/
----------------------



the AUC is 0.9086174242424243

the Fscore is 0.8181818181818182

the precision is 0.7941176470588235

the recall is 0.84375

Done
/home/hantai/anaconda3/envs/py36/lib/python3.6/site-packages/sklearn/externals/joblib/__init__.py:15: FutureWarning: sklearn.externals.joblib is deprecated in 0.21 and will be removed in 0.23. Please import this functionality directly from joblib, which can be installed with: pip install joblib. If this warning is raised when loading pickled models, you may need to re-serialize those models with scikit-learn 0.21+.
  warnings.warn(msg, category=FutureWarning)
./test_yeast5/standlization_data/yeast5_std_train_1.csv
./test_yeast5/standlization_data/yeast5_std_test_1.csv
MLP_im2_5000
both_num_10_half
./test_yeast5/model_MLP_im2_5000/record_1/MLP_im2_5000_1
./test_yeast5/result_MLP_im2_5000_both_num_10_half/record_1/
----------------------



the AUC is 0.8935731132075472

the Fscore is 0.7297297297297298

the precision is 0.6428571428571429

the recall is 0.84375

Done
/home/hantai/anaconda3/envs/py36/lib/python3.6/site-packages/sklearn/externals/joblib/__init__.py:15: FutureWarning: sklearn.externals.joblib is deprecated in 0.21 and will be removed in 0.23. Please import this functionality directly from joblib, which can be installed with: pip install joblib. If this warning is raised when loading pickled models, you may need to re-serialize those models with scikit-learn 0.21+.
  warnings.warn(msg, category=FutureWarning)
./test_yeast5/standlization_data/yeast5_std_train_2.csv
./test_yeast5/standlization_data/yeast5_std_test_2.csv
MLP_im2_5000
both_num_10_half
./test_yeast5/model_MLP_im2_5000/record_1/MLP_im2_5000_2
./test_yeast5/result_MLP_im2_5000_both_num_10_half/record_1/
----------------------



the AUC is 0.8655303030303031

the Fscore is 0.7692307692307692

the precision is 0.78125

the recall is 0.7575757575757576

Done
/home/hantai/anaconda3/envs/py36/lib/python3.6/site-packages/sklearn/externals/joblib/__init__.py:15: FutureWarning: sklearn.externals.joblib is deprecated in 0.21 and will be removed in 0.23. Please import this functionality directly from joblib, which can be installed with: pip install joblib. If this warning is raised when loading pickled models, you may need to re-serialize those models with scikit-learn 0.21+.
  warnings.warn(msg, category=FutureWarning)
./test_yeast5/standlization_data/yeast5_std_train_3.csv
./test_yeast5/standlization_data/yeast5_std_test_3.csv
MLP_im2_5000
both_num_10_half
./test_yeast5/model_MLP_im2_5000/record_1/MLP_im2_5000_3
./test_yeast5/result_MLP_im2_5000_both_num_10_half/record_1/
----------------------



the AUC is 0.8200757575757576

the Fscore is 0.6478873239436619

the precision is 0.6052631578947368

the recall is 0.696969696969697

Done
/home/hantai/anaconda3/envs/py36/lib/python3.6/site-packages/sklearn/externals/joblib/__init__.py:15: FutureWarning: sklearn.externals.joblib is deprecated in 0.21 and will be removed in 0.23. Please import this functionality directly from joblib, which can be installed with: pip install joblib. If this warning is raised when loading pickled models, you may need to re-serialize those models with scikit-learn 0.21+.
  warnings.warn(msg, category=FutureWarning)
./test_yeast5/standlization_data/yeast5_std_train_4.csv
./test_yeast5/standlization_data/yeast5_std_test_4.csv
MLP_im2_5000
both_num_10_half
./test_yeast5/model_MLP_im2_5000/record_1/MLP_im2_5000_4
./test_yeast5/result_MLP_im2_5000_both_num_10_half/record_1/
----------------------



the AUC is 0.8825757575757577

the Fscore is 0.7297297297297297

the precision is 0.6585365853658537

the recall is 0.8181818181818182

Done
/home/hantai/anaconda3/envs/py36/lib/python3.6/site-packages/sklearn/externals/joblib/__init__.py:15: FutureWarning: sklearn.externals.joblib is deprecated in 0.21 and will be removed in 0.23. Please import this functionality directly from joblib, which can be installed with: pip install joblib. If this warning is raised when loading pickled models, you may need to re-serialize those models with scikit-learn 0.21+.
  warnings.warn(msg, category=FutureWarning)
./test_yeast5/standlization_data/yeast5_std_train_5.csv
./test_yeast5/standlization_data/yeast5_std_test_5.csv
MLP_im2_5000
both_num_10_half
./test_yeast5/model_MLP_im2_5000/record_1/MLP_im2_5000_5
./test_yeast5/result_MLP_im2_5000_both_num_10_half/record_1/
----------------------



the AUC is 0.8910984848484849

the Fscore is 0.787878787878788

the precision is 0.7647058823529411

the recall is 0.8125

Done
/home/hantai/anaconda3/envs/py36/lib/python3.6/site-packages/sklearn/externals/joblib/__init__.py:15: FutureWarning: sklearn.externals.joblib is deprecated in 0.21 and will be removed in 0.23. Please import this functionality directly from joblib, which can be installed with: pip install joblib. If this warning is raised when loading pickled models, you may need to re-serialize those models with scikit-learn 0.21+.
  warnings.warn(msg, category=FutureWarning)
./test_yeast5/standlization_data/yeast5_std_train_1.csv
./test_yeast5/standlization_data/yeast5_std_test_1.csv
MLP_im2_8000
both_num_10_half
./test_yeast5/model_MLP_im2_8000/record_1/MLP_im2_8000_1
./test_yeast5/result_MLP_im2_8000_both_num_10_half/record_1/
----------------------



the AUC is 0.8879127358490566

the Fscore is 0.7012987012987012

the precision is 0.6

the recall is 0.84375

Done
/home/hantai/anaconda3/envs/py36/lib/python3.6/site-packages/sklearn/externals/joblib/__init__.py:15: FutureWarning: sklearn.externals.joblib is deprecated in 0.21 and will be removed in 0.23. Please import this functionality directly from joblib, which can be installed with: pip install joblib. If this warning is raised when loading pickled models, you may need to re-serialize those models with scikit-learn 0.21+.
  warnings.warn(msg, category=FutureWarning)
./test_yeast5/standlization_data/yeast5_std_train_2.csv
./test_yeast5/standlization_data/yeast5_std_test_2.csv
MLP_im2_8000
both_num_10_half
./test_yeast5/model_MLP_im2_8000/record_1/MLP_im2_8000_2
./test_yeast5/result_MLP_im2_8000_both_num_10_half/record_1/
----------------------



the AUC is 0.8655303030303031

the Fscore is 0.7692307692307692

the precision is 0.78125

the recall is 0.7575757575757576

Done
/home/hantai/anaconda3/envs/py36/lib/python3.6/site-packages/sklearn/externals/joblib/__init__.py:15: FutureWarning: sklearn.externals.joblib is deprecated in 0.21 and will be removed in 0.23. Please import this functionality directly from joblib, which can be installed with: pip install joblib. If this warning is raised when loading pickled models, you may need to re-serialize those models with scikit-learn 0.21+.
  warnings.warn(msg, category=FutureWarning)
./test_yeast5/standlization_data/yeast5_std_train_3.csv
./test_yeast5/standlization_data/yeast5_std_test_3.csv
MLP_im2_8000
both_num_10_half
./test_yeast5/model_MLP_im2_8000/record_1/MLP_im2_8000_3
./test_yeast5/result_MLP_im2_8000_both_num_10_half/record_1/
----------------------



the AUC is 0.8162878787878787

the Fscore is 0.6301369863013698

the precision is 0.575

the recall is 0.696969696969697

Done
/home/hantai/anaconda3/envs/py36/lib/python3.6/site-packages/sklearn/externals/joblib/__init__.py:15: FutureWarning: sklearn.externals.joblib is deprecated in 0.21 and will be removed in 0.23. Please import this functionality directly from joblib, which can be installed with: pip install joblib. If this warning is raised when loading pickled models, you may need to re-serialize those models with scikit-learn 0.21+.
  warnings.warn(msg, category=FutureWarning)
./test_yeast5/standlization_data/yeast5_std_train_4.csv
./test_yeast5/standlization_data/yeast5_std_test_4.csv
MLP_im2_8000
both_num_10_half
./test_yeast5/model_MLP_im2_8000/record_1/MLP_im2_8000_4
./test_yeast5/result_MLP_im2_8000_both_num_10_half/record_1/
----------------------



the AUC is 0.893939393939394

the Fscore is 0.7272727272727273

the precision is 0.6363636363636364

the recall is 0.8484848484848485

Done
/home/hantai/anaconda3/envs/py36/lib/python3.6/site-packages/sklearn/externals/joblib/__init__.py:15: FutureWarning: sklearn.externals.joblib is deprecated in 0.21 and will be removed in 0.23. Please import this functionality directly from joblib, which can be installed with: pip install joblib. If this warning is raised when loading pickled models, you may need to re-serialize those models with scikit-learn 0.21+.
  warnings.warn(msg, category=FutureWarning)
./test_yeast5/standlization_data/yeast5_std_train_5.csv
./test_yeast5/standlization_data/yeast5_std_test_5.csv
MLP_im2_8000
both_num_10_half
./test_yeast5/model_MLP_im2_8000/record_1/MLP_im2_8000_5
./test_yeast5/result_MLP_im2_8000_both_num_10_half/record_1/
----------------------



the AUC is 0.8754734848484849

the Fscore is 0.7692307692307692

the precision is 0.7575757575757576

the recall is 0.78125

Done
/home/hantai/anaconda3/envs/py36/lib/python3.6/site-packages/sklearn/externals/joblib/__init__.py:15: FutureWarning: sklearn.externals.joblib is deprecated in 0.21 and will be removed in 0.23. Please import this functionality directly from joblib, which can be installed with: pip install joblib. If this warning is raised when loading pickled models, you may need to re-serialize those models with scikit-learn 0.21+.
  warnings.warn(msg, category=FutureWarning)
./test_yeast5/standlization_data/yeast5_std_train_1.csv
./test_yeast5/standlization_data/yeast5_std_test_1.csv
MLP_im2_10000
both_num_10_half
./test_yeast5/model_MLP_im2_10000/record_1/MLP_im2_10000_1
./test_yeast5/result_MLP_im2_10000_both_num_10_half/record_1/
----------------------



the AUC is 0.8741745283018868

the Fscore is 0.6933333333333334

the precision is 0.6046511627906976

the recall is 0.8125

Done
/home/hantai/anaconda3/envs/py36/lib/python3.6/site-packages/sklearn/externals/joblib/__init__.py:15: FutureWarning: sklearn.externals.joblib is deprecated in 0.21 and will be removed in 0.23. Please import this functionality directly from joblib, which can be installed with: pip install joblib. If this warning is raised when loading pickled models, you may need to re-serialize those models with scikit-learn 0.21+.
  warnings.warn(msg, category=FutureWarning)
./test_yeast5/standlization_data/yeast5_std_train_2.csv
./test_yeast5/standlization_data/yeast5_std_test_2.csv
MLP_im2_10000
both_num_10_half
./test_yeast5/model_MLP_im2_10000/record_1/MLP_im2_10000_2
./test_yeast5/result_MLP_im2_10000_both_num_10_half/record_1/
----------------------



the AUC is 0.8806818181818181

the Fscore is 0.7878787878787878

the precision is 0.7878787878787878

the recall is 0.7878787878787878

Done
/home/hantai/anaconda3/envs/py36/lib/python3.6/site-packages/sklearn/externals/joblib/__init__.py:15: FutureWarning: sklearn.externals.joblib is deprecated in 0.21 and will be removed in 0.23. Please import this functionality directly from joblib, which can be installed with: pip install joblib. If this warning is raised when loading pickled models, you may need to re-serialize those models with scikit-learn 0.21+.
  warnings.warn(msg, category=FutureWarning)
./test_yeast5/standlization_data/yeast5_std_train_3.csv
./test_yeast5/standlization_data/yeast5_std_test_3.csv
MLP_im2_10000
both_num_10_half
./test_yeast5/model_MLP_im2_10000/record_1/MLP_im2_10000_3
./test_yeast5/result_MLP_im2_10000_both_num_10_half/record_1/
----------------------



the AUC is 0.7992424242424242

the Fscore is 0.6027397260273972

the precision is 0.55

the recall is 0.6666666666666666

Done
/home/hantai/anaconda3/envs/py36/lib/python3.6/site-packages/sklearn/externals/joblib/__init__.py:15: FutureWarning: sklearn.externals.joblib is deprecated in 0.21 and will be removed in 0.23. Please import this functionality directly from joblib, which can be installed with: pip install joblib. If this warning is raised when loading pickled models, you may need to re-serialize those models with scikit-learn 0.21+.
  warnings.warn(msg, category=FutureWarning)
./test_yeast5/standlization_data/yeast5_std_train_4.csv
./test_yeast5/standlization_data/yeast5_std_test_4.csv
MLP_im2_10000
both_num_10_half
./test_yeast5/model_MLP_im2_10000/record_1/MLP_im2_10000_4
./test_yeast5/result_MLP_im2_10000_both_num_10_half/record_1/
----------------------



the AUC is 0.9071969696969697

the Fscore is 0.7341772151898734

the precision is 0.6304347826086957

the recall is 0.8787878787878788

Done
/home/hantai/anaconda3/envs/py36/lib/python3.6/site-packages/sklearn/externals/joblib/__init__.py:15: FutureWarning: sklearn.externals.joblib is deprecated in 0.21 and will be removed in 0.23. Please import this functionality directly from joblib, which can be installed with: pip install joblib. If this warning is raised when loading pickled models, you may need to re-serialize those models with scikit-learn 0.21+.
  warnings.warn(msg, category=FutureWarning)
./test_yeast5/standlization_data/yeast5_std_train_5.csv
./test_yeast5/standlization_data/yeast5_std_test_5.csv
MLP_im2_10000
both_num_10_half
./test_yeast5/model_MLP_im2_10000/record_1/MLP_im2_10000_5
./test_yeast5/result_MLP_im2_10000_both_num_10_half/record_1/
----------------------



the AUC is 0.8929924242424242

the Fscore is 0.8

the precision is 0.7878787878787878

the recall is 0.8125

Done
/home/hantai/anaconda3/envs/py36/lib/python3.6/site-packages/sklearn/externals/joblib/__init__.py:15: FutureWarning: sklearn.externals.joblib is deprecated in 0.21 and will be removed in 0.23. Please import this functionality directly from joblib, which can be installed with: pip install joblib. If this warning is raised when loading pickled models, you may need to re-serialize those models with scikit-learn 0.21+.
  warnings.warn(msg, category=FutureWarning)
./test_yeast5/standlization_data/yeast5_std_train_1.csv
./test_yeast5/standlization_data/yeast5_std_test_1.csv
MLP_im2_15000
both_num_10_half
./test_yeast5/model_MLP_im2_15000/record_1/MLP_im2_15000_1
./test_yeast5/result_MLP_im2_15000_both_num_10_half/record_1/
----------------------



the AUC is 0.8585495283018868

the Fscore is 0.6756756756756757

the precision is 0.5952380952380952

the recall is 0.78125

Done
/home/hantai/anaconda3/envs/py36/lib/python3.6/site-packages/sklearn/externals/joblib/__init__.py:15: FutureWarning: sklearn.externals.joblib is deprecated in 0.21 and will be removed in 0.23. Please import this functionality directly from joblib, which can be installed with: pip install joblib. If this warning is raised when loading pickled models, you may need to re-serialize those models with scikit-learn 0.21+.
  warnings.warn(msg, category=FutureWarning)
./test_yeast5/standlization_data/yeast5_std_train_2.csv
./test_yeast5/standlization_data/yeast5_std_test_2.csv
MLP_im2_15000
both_num_10_half
./test_yeast5/model_MLP_im2_15000/record_1/MLP_im2_15000_2
./test_yeast5/result_MLP_im2_15000_both_num_10_half/record_1/
----------------------



the AUC is 0.8636363636363636

the Fscore is 0.7575757575757576

the precision is 0.7575757575757576

the recall is 0.7575757575757576

Done
/home/hantai/anaconda3/envs/py36/lib/python3.6/site-packages/sklearn/externals/joblib/__init__.py:15: FutureWarning: sklearn.externals.joblib is deprecated in 0.21 and will be removed in 0.23. Please import this functionality directly from joblib, which can be installed with: pip install joblib. If this warning is raised when loading pickled models, you may need to re-serialize those models with scikit-learn 0.21+.
  warnings.warn(msg, category=FutureWarning)
./test_yeast5/standlization_data/yeast5_std_train_3.csv
./test_yeast5/standlization_data/yeast5_std_test_3.csv
MLP_im2_15000
both_num_10_half
./test_yeast5/model_MLP_im2_15000/record_1/MLP_im2_15000_3
./test_yeast5/result_MLP_im2_15000_both_num_10_half/record_1/
----------------------



the AUC is 0.7746212121212122

the Fscore is 0.588235294117647

the precision is 0.5714285714285714

the recall is 0.6060606060606061

Done
/home/hantai/anaconda3/envs/py36/lib/python3.6/site-packages/sklearn/externals/joblib/__init__.py:15: FutureWarning: sklearn.externals.joblib is deprecated in 0.21 and will be removed in 0.23. Please import this functionality directly from joblib, which can be installed with: pip install joblib. If this warning is raised when loading pickled models, you may need to re-serialize those models with scikit-learn 0.21+.
  warnings.warn(msg, category=FutureWarning)
./test_yeast5/standlization_data/yeast5_std_train_4.csv
./test_yeast5/standlization_data/yeast5_std_test_4.csv
MLP_im2_15000
both_num_10_half
./test_yeast5/model_MLP_im2_15000/record_1/MLP_im2_15000_4
./test_yeast5/result_MLP_im2_15000_both_num_10_half/record_1/
----------------------



the AUC is 0.8920454545454546

the Fscore is 0.7179487179487178

the precision is 0.6222222222222222

the recall is 0.8484848484848485

Done
/home/hantai/anaconda3/envs/py36/lib/python3.6/site-packages/sklearn/externals/joblib/__init__.py:15: FutureWarning: sklearn.externals.joblib is deprecated in 0.21 and will be removed in 0.23. Please import this functionality directly from joblib, which can be installed with: pip install joblib. If this warning is raised when loading pickled models, you may need to re-serialize those models with scikit-learn 0.21+.
  warnings.warn(msg, category=FutureWarning)
./test_yeast5/standlization_data/yeast5_std_train_5.csv
./test_yeast5/standlization_data/yeast5_std_test_5.csv
MLP_im2_15000
both_num_10_half
./test_yeast5/model_MLP_im2_15000/record_1/MLP_im2_15000_5
./test_yeast5/result_MLP_im2_15000_both_num_10_half/record_1/
----------------------



the AUC is 0.803030303030303

the Fscore is 0.7017543859649122

the precision is 0.8

the recall is 0.625

Done
/home/hantai/anaconda3/envs/py36/lib/python3.6/site-packages/sklearn/externals/joblib/__init__.py:15: FutureWarning: sklearn.externals.joblib is deprecated in 0.21 and will be removed in 0.23. Please import this functionality directly from joblib, which can be installed with: pip install joblib. If this warning is raised when loading pickled models, you may need to re-serialize those models with scikit-learn 0.21+.
  warnings.warn(msg, category=FutureWarning)
./test_yeast5/standlization_data/yeast5_std_train_1.csv
./test_yeast5/standlization_data/yeast5_std_test_1.csv
MLP_im2_20000
both_num_10_half
./test_yeast5/model_MLP_im2_20000/record_1/MLP_im2_20000_1
./test_yeast5/result_MLP_im2_20000_both_num_10_half/record_1/
----------------------



the AUC is 0.8585495283018868

the Fscore is 0.6756756756756757

the precision is 0.5952380952380952

the recall is 0.78125

Done
/home/hantai/anaconda3/envs/py36/lib/python3.6/site-packages/sklearn/externals/joblib/__init__.py:15: FutureWarning: sklearn.externals.joblib is deprecated in 0.21 and will be removed in 0.23. Please import this functionality directly from joblib, which can be installed with: pip install joblib. If this warning is raised when loading pickled models, you may need to re-serialize those models with scikit-learn 0.21+.
  warnings.warn(msg, category=FutureWarning)
./test_yeast5/standlization_data/yeast5_std_train_2.csv
./test_yeast5/standlization_data/yeast5_std_test_2.csv
MLP_im2_20000
both_num_10_half
./test_yeast5/model_MLP_im2_20000/record_1/MLP_im2_20000_2
./test_yeast5/result_MLP_im2_20000_both_num_10_half/record_1/
----------------------



the AUC is 0.8655303030303031

the Fscore is 0.7692307692307692

the precision is 0.78125

the recall is 0.7575757575757576

Done
/home/hantai/anaconda3/envs/py36/lib/python3.6/site-packages/sklearn/externals/joblib/__init__.py:15: FutureWarning: sklearn.externals.joblib is deprecated in 0.21 and will be removed in 0.23. Please import this functionality directly from joblib, which can be installed with: pip install joblib. If this warning is raised when loading pickled models, you may need to re-serialize those models with scikit-learn 0.21+.
  warnings.warn(msg, category=FutureWarning)
./test_yeast5/standlization_data/yeast5_std_train_3.csv
./test_yeast5/standlization_data/yeast5_std_test_3.csv
MLP_im2_20000
both_num_10_half
./test_yeast5/model_MLP_im2_20000/record_1/MLP_im2_20000_3
./test_yeast5/result_MLP_im2_20000_both_num_10_half/record_1/
----------------------



the AUC is 0.7765151515151515

the Fscore is 0.5970149253731343

the precision is 0.5882352941176471

the recall is 0.6060606060606061

Done
/home/hantai/anaconda3/envs/py36/lib/python3.6/site-packages/sklearn/externals/joblib/__init__.py:15: FutureWarning: sklearn.externals.joblib is deprecated in 0.21 and will be removed in 0.23. Please import this functionality directly from joblib, which can be installed with: pip install joblib. If this warning is raised when loading pickled models, you may need to re-serialize those models with scikit-learn 0.21+.
  warnings.warn(msg, category=FutureWarning)
./test_yeast5/standlization_data/yeast5_std_train_4.csv
./test_yeast5/standlization_data/yeast5_std_test_4.csv
MLP_im2_20000
both_num_10_half
./test_yeast5/model_MLP_im2_20000/record_1/MLP_im2_20000_4
./test_yeast5/result_MLP_im2_20000_both_num_10_half/record_1/
----------------------



the AUC is 0.8768939393939394

the Fscore is 0.7012987012987013

the precision is 0.6136363636363636

the recall is 0.8181818181818182

Done
/home/hantai/anaconda3/envs/py36/lib/python3.6/site-packages/sklearn/externals/joblib/__init__.py:15: FutureWarning: sklearn.externals.joblib is deprecated in 0.21 and will be removed in 0.23. Please import this functionality directly from joblib, which can be installed with: pip install joblib. If this warning is raised when loading pickled models, you may need to re-serialize those models with scikit-learn 0.21+.
  warnings.warn(msg, category=FutureWarning)
./test_yeast5/standlization_data/yeast5_std_train_5.csv
./test_yeast5/standlization_data/yeast5_std_test_5.csv
MLP_im2_20000
both_num_10_half
./test_yeast5/model_MLP_im2_20000/record_1/MLP_im2_20000_5
./test_yeast5/result_MLP_im2_20000_both_num_10_half/record_1/
----------------------



the AUC is 0.7698863636363636

the Fscore is 0.6428571428571429

the precision is 0.75

the recall is 0.5625

Done
/home/hantai/anaconda3/envs/py36/lib/python3.6/site-packages/sklearn/externals/joblib/__init__.py:15: FutureWarning: sklearn.externals.joblib is deprecated in 0.21 and will be removed in 0.23. Please import this functionality directly from joblib, which can be installed with: pip install joblib. If this warning is raised when loading pickled models, you may need to re-serialize those models with scikit-learn 0.21+.
  warnings.warn(msg, category=FutureWarning)
./test_yeast5/standlization_data/yeast5_std_train_1.csv
./test_yeast5/standlization_data/yeast5_std_test_1.csv
MLP_im3_5000
normal_num_10_half
./test_yeast5/model_MLP_im3_5000/record_1/MLP_im3_5000_1
./test_yeast5/result_MLP_im3_5000_normal_num_10_half/record_1/
----------------------



the AUC is 0.8841391509433962

the Fscore is 0.6835443037974684

the precision is 0.574468085106383

the recall is 0.84375

Done
/home/hantai/anaconda3/envs/py36/lib/python3.6/site-packages/sklearn/externals/joblib/__init__.py:15: FutureWarning: sklearn.externals.joblib is deprecated in 0.21 and will be removed in 0.23. Please import this functionality directly from joblib, which can be installed with: pip install joblib. If this warning is raised when loading pickled models, you may need to re-serialize those models with scikit-learn 0.21+.
  warnings.warn(msg, category=FutureWarning)
./test_yeast5/standlization_data/yeast5_std_train_2.csv
./test_yeast5/standlization_data/yeast5_std_test_2.csv
MLP_im3_5000
normal_num_10_half
./test_yeast5/model_MLP_im3_5000/record_1/MLP_im3_5000_2
./test_yeast5/result_MLP_im3_5000_normal_num_10_half/record_1/
----------------------



the AUC is 0.9109848484848486

the Fscore is 0.7532467532467532

the precision is 0.6590909090909091

the recall is 0.8787878787878788

Done
/home/hantai/anaconda3/envs/py36/lib/python3.6/site-packages/sklearn/externals/joblib/__init__.py:15: FutureWarning: sklearn.externals.joblib is deprecated in 0.21 and will be removed in 0.23. Please import this functionality directly from joblib, which can be installed with: pip install joblib. If this warning is raised when loading pickled models, you may need to re-serialize those models with scikit-learn 0.21+.
  warnings.warn(msg, category=FutureWarning)
./test_yeast5/standlization_data/yeast5_std_train_3.csv
./test_yeast5/standlization_data/yeast5_std_test_3.csv
MLP_im3_5000
normal_num_10_half
./test_yeast5/model_MLP_im3_5000/record_1/MLP_im3_5000_3
./test_yeast5/result_MLP_im3_5000_normal_num_10_half/record_1/
----------------------



the AUC is 0.8276515151515151

the Fscore is 0.6315789473684211

the precision is 0.5581395348837209

the recall is 0.7272727272727273

Done
/home/hantai/anaconda3/envs/py36/lib/python3.6/site-packages/sklearn/externals/joblib/__init__.py:15: FutureWarning: sklearn.externals.joblib is deprecated in 0.21 and will be removed in 0.23. Please import this functionality directly from joblib, which can be installed with: pip install joblib. If this warning is raised when loading pickled models, you may need to re-serialize those models with scikit-learn 0.21+.
  warnings.warn(msg, category=FutureWarning)
./test_yeast5/standlization_data/yeast5_std_train_4.csv
./test_yeast5/standlization_data/yeast5_std_test_4.csv
MLP_im3_5000
normal_num_10_half
./test_yeast5/model_MLP_im3_5000/record_1/MLP_im3_5000_4
./test_yeast5/result_MLP_im3_5000_normal_num_10_half/record_1/
----------------------



the AUC is 0.9507575757575758

the Fscore is 0.7710843373493975

the precision is 0.64

the recall is 0.9696969696969697

Done
/home/hantai/anaconda3/envs/py36/lib/python3.6/site-packages/sklearn/externals/joblib/__init__.py:15: FutureWarning: sklearn.externals.joblib is deprecated in 0.21 and will be removed in 0.23. Please import this functionality directly from joblib, which can be installed with: pip install joblib. If this warning is raised when loading pickled models, you may need to re-serialize those models with scikit-learn 0.21+.
  warnings.warn(msg, category=FutureWarning)
./test_yeast5/standlization_data/yeast5_std_train_5.csv
./test_yeast5/standlization_data/yeast5_std_test_5.csv
MLP_im3_5000
normal_num_10_half
./test_yeast5/model_MLP_im3_5000/record_1/MLP_im3_5000_5
./test_yeast5/result_MLP_im3_5000_normal_num_10_half/record_1/
----------------------



the AUC is 0.9678030303030303

the Fscore is 0.7901234567901235

the precision is 0.6530612244897959

the recall is 1.0

Done
