nohup: ignoring input
/home/hantai/anaconda3/envs/py36/lib/python3.6/site-packages/sklearn/externals/joblib/__init__.py:15: FutureWarning: sklearn.externals.joblib is deprecated in 0.21 and will be removed in 0.23. Please import this functionality directly from joblib, which can be installed with: pip install joblib. If this warning is raised when loading pickled models, you may need to re-serialize those models with scikit-learn 0.21+.
  warnings.warn(msg, category=FutureWarning)
./test_yeast5/standlization_data/yeast5_std_train_4.csv
./test_yeast5/standlization_data/yeast5_std_test_4.csv
MLP_im3_5000
bm_num_10_half
./test_yeast5/model_MLP_im3_5000/record_1/MLP_im3_5000_4
./test_yeast5/result_MLP_im3_5000_bm_num_10_half/record_1/
----------------------



the AUC is 0.9507575757575758

the Fscore is 0.7710843373493975

the precision is 0.64

the recall is 0.9696969696969697

Done
/home/hantai/anaconda3/envs/py36/lib/python3.6/site-packages/sklearn/externals/joblib/__init__.py:15: FutureWarning: sklearn.externals.joblib is deprecated in 0.21 and will be removed in 0.23. Please import this functionality directly from joblib, which can be installed with: pip install joblib. If this warning is raised when loading pickled models, you may need to re-serialize those models with scikit-learn 0.21+.
  warnings.warn(msg, category=FutureWarning)
./test_yeast5/standlization_data/yeast5_std_train_5.csv
./test_yeast5/standlization_data/yeast5_std_test_5.csv
MLP_im3_5000
bm_num_10_half
./test_yeast5/model_MLP_im3_5000/record_1/MLP_im3_5000_5
./test_yeast5/result_MLP_im3_5000_bm_num_10_half/record_1/
----------------------



the AUC is 0.9616477272727273

the Fscore is 0.8266666666666667

the precision is 0.7209302325581395

the recall is 0.96875

Done
/home/hantai/anaconda3/envs/py36/lib/python3.6/site-packages/sklearn/externals/joblib/__init__.py:15: FutureWarning: sklearn.externals.joblib is deprecated in 0.21 and will be removed in 0.23. Please import this functionality directly from joblib, which can be installed with: pip install joblib. If this warning is raised when loading pickled models, you may need to re-serialize those models with scikit-learn 0.21+.
  warnings.warn(msg, category=FutureWarning)
./test_yeast5/standlization_data/yeast5_std_train_1.csv
./test_yeast5/standlization_data/yeast5_std_test_1.csv
MLP_im3_8000
bm_num_10_half
./test_yeast5/model_MLP_im3_8000/record_1/MLP_im3_8000_1
./test_yeast5/result_MLP_im3_8000_bm_num_10_half/record_1/
----------------------



the AUC is 0.8860259433962264

the Fscore is 0.6923076923076924

the precision is 0.5869565217391305

the recall is 0.84375

Done
/home/hantai/anaconda3/envs/py36/lib/python3.6/site-packages/sklearn/externals/joblib/__init__.py:15: FutureWarning: sklearn.externals.joblib is deprecated in 0.21 and will be removed in 0.23. Please import this functionality directly from joblib, which can be installed with: pip install joblib. If this warning is raised when loading pickled models, you may need to re-serialize those models with scikit-learn 0.21+.
  warnings.warn(msg, category=FutureWarning)
./test_yeast5/standlization_data/yeast5_std_train_2.csv
./test_yeast5/standlization_data/yeast5_std_test_2.csv
MLP_im3_8000
bm_num_10_half
./test_yeast5/model_MLP_im3_8000/record_1/MLP_im3_8000_2
./test_yeast5/result_MLP_im3_8000_bm_num_10_half/record_1/
----------------------



the AUC is 0.8958333333333335

the Fscore is 0.736842105263158

the precision is 0.6511627906976745

the recall is 0.8484848484848485

Done
/home/hantai/anaconda3/envs/py36/lib/python3.6/site-packages/sklearn/externals/joblib/__init__.py:15: FutureWarning: sklearn.externals.joblib is deprecated in 0.21 and will be removed in 0.23. Please import this functionality directly from joblib, which can be installed with: pip install joblib. If this warning is raised when loading pickled models, you may need to re-serialize those models with scikit-learn 0.21+.
  warnings.warn(msg, category=FutureWarning)
./test_yeast5/standlization_data/yeast5_std_train_3.csv
./test_yeast5/standlization_data/yeast5_std_test_3.csv
MLP_im3_8000
bm_num_10_half
./test_yeast5/model_MLP_im3_8000/record_1/MLP_im3_8000_3
./test_yeast5/result_MLP_im3_8000_bm_num_10_half/record_1/
----------------------



the AUC is 0.803030303030303

the Fscore is 0.619718309859155

the precision is 0.5789473684210527

the recall is 0.6666666666666666

Done
/home/hantai/anaconda3/envs/py36/lib/python3.6/site-packages/sklearn/externals/joblib/__init__.py:15: FutureWarning: sklearn.externals.joblib is deprecated in 0.21 and will be removed in 0.23. Please import this functionality directly from joblib, which can be installed with: pip install joblib. If this warning is raised when loading pickled models, you may need to re-serialize those models with scikit-learn 0.21+.
  warnings.warn(msg, category=FutureWarning)
./test_yeast5/standlization_data/yeast5_std_train_4.csv
./test_yeast5/standlization_data/yeast5_std_test_4.csv
MLP_im3_8000
bm_num_10_half
./test_yeast5/model_MLP_im3_8000/record_1/MLP_im3_8000_4
./test_yeast5/result_MLP_im3_8000_bm_num_10_half/record_1/
----------------------



the AUC is 0.9185606060606061

the Fscore is 0.7317073170731708

the precision is 0.6122448979591837

the recall is 0.9090909090909091

Done
/home/hantai/anaconda3/envs/py36/lib/python3.6/site-packages/sklearn/externals/joblib/__init__.py:15: FutureWarning: sklearn.externals.joblib is deprecated in 0.21 and will be removed in 0.23. Please import this functionality directly from joblib, which can be installed with: pip install joblib. If this warning is raised when loading pickled models, you may need to re-serialize those models with scikit-learn 0.21+.
  warnings.warn(msg, category=FutureWarning)
./test_yeast5/standlization_data/yeast5_std_train_5.csv
./test_yeast5/standlization_data/yeast5_std_test_5.csv
MLP_im3_8000
bm_num_10_half
./test_yeast5/model_MLP_im3_8000/record_1/MLP_im3_8000_5
./test_yeast5/result_MLP_im3_8000_bm_num_10_half/record_1/
----------------------



the AUC is 0.9540719696969697

the Fscore is 0.7848101265822784

the precision is 0.6595744680851063

the recall is 0.96875

Done
/home/hantai/anaconda3/envs/py36/lib/python3.6/site-packages/sklearn/externals/joblib/__init__.py:15: FutureWarning: sklearn.externals.joblib is deprecated in 0.21 and will be removed in 0.23. Please import this functionality directly from joblib, which can be installed with: pip install joblib. If this warning is raised when loading pickled models, you may need to re-serialize those models with scikit-learn 0.21+.
  warnings.warn(msg, category=FutureWarning)
./test_yeast5/standlization_data/yeast5_std_train_1.csv
./test_yeast5/standlization_data/yeast5_std_test_1.csv
MLP_im3_10000
bm_num_10_half
./test_yeast5/model_MLP_im3_10000/record_1/MLP_im3_10000_1
./test_yeast5/result_MLP_im3_10000_bm_num_10_half/record_1/
----------------------



the AUC is 0.8879127358490566

the Fscore is 0.7012987012987012

the precision is 0.6

the recall is 0.84375

Done
/home/hantai/anaconda3/envs/py36/lib/python3.6/site-packages/sklearn/externals/joblib/__init__.py:15: FutureWarning: sklearn.externals.joblib is deprecated in 0.21 and will be removed in 0.23. Please import this functionality directly from joblib, which can be installed with: pip install joblib. If this warning is raised when loading pickled models, you may need to re-serialize those models with scikit-learn 0.21+.
  warnings.warn(msg, category=FutureWarning)
./test_yeast5/standlization_data/yeast5_std_train_2.csv
./test_yeast5/standlization_data/yeast5_std_test_2.csv
MLP_im3_10000
bm_num_10_half
./test_yeast5/model_MLP_im3_10000/record_1/MLP_im3_10000_2
./test_yeast5/result_MLP_im3_10000_bm_num_10_half/record_1/
----------------------



the AUC is 0.893939393939394

the Fscore is 0.7272727272727273

the precision is 0.6363636363636364

the recall is 0.8484848484848485

Done
/home/hantai/anaconda3/envs/py36/lib/python3.6/site-packages/sklearn/externals/joblib/__init__.py:15: FutureWarning: sklearn.externals.joblib is deprecated in 0.21 and will be removed in 0.23. Please import this functionality directly from joblib, which can be installed with: pip install joblib. If this warning is raised when loading pickled models, you may need to re-serialize those models with scikit-learn 0.21+.
  warnings.warn(msg, category=FutureWarning)
./test_yeast5/standlization_data/yeast5_std_train_3.csv
./test_yeast5/standlization_data/yeast5_std_test_3.csv
MLP_im3_10000
bm_num_10_half
./test_yeast5/model_MLP_im3_10000/record_1/MLP_im3_10000_3
./test_yeast5/result_MLP_im3_10000_bm_num_10_half/record_1/
----------------------



the AUC is 0.803030303030303

the Fscore is 0.619718309859155

the precision is 0.5789473684210527

the recall is 0.6666666666666666

Done
/home/hantai/anaconda3/envs/py36/lib/python3.6/site-packages/sklearn/externals/joblib/__init__.py:15: FutureWarning: sklearn.externals.joblib is deprecated in 0.21 and will be removed in 0.23. Please import this functionality directly from joblib, which can be installed with: pip install joblib. If this warning is raised when loading pickled models, you may need to re-serialize those models with scikit-learn 0.21+.
  warnings.warn(msg, category=FutureWarning)
./test_yeast5/standlization_data/yeast5_std_train_4.csv
./test_yeast5/standlization_data/yeast5_std_test_4.csv
MLP_im3_10000
bm_num_10_half
./test_yeast5/model_MLP_im3_10000/record_1/MLP_im3_10000_4
./test_yeast5/result_MLP_im3_10000_bm_num_10_half/record_1/
----------------------



the AUC is 0.8882575757575758

the Fscore is 0.7

the precision is 0.5957446808510638

the recall is 0.8484848484848485

Done
/home/hantai/anaconda3/envs/py36/lib/python3.6/site-packages/sklearn/externals/joblib/__init__.py:15: FutureWarning: sklearn.externals.joblib is deprecated in 0.21 and will be removed in 0.23. Please import this functionality directly from joblib, which can be installed with: pip install joblib. If this warning is raised when loading pickled models, you may need to re-serialize those models with scikit-learn 0.21+.
  warnings.warn(msg, category=FutureWarning)
./test_yeast5/standlization_data/yeast5_std_train_5.csv
./test_yeast5/standlization_data/yeast5_std_test_5.csv
MLP_im3_10000
bm_num_10_half
./test_yeast5/model_MLP_im3_10000/record_1/MLP_im3_10000_5
./test_yeast5/result_MLP_im3_10000_bm_num_10_half/record_1/
----------------------



the AUC is 0.9479166666666667

the Fscore is 0.821917808219178

the precision is 0.7317073170731707

the recall is 0.9375

Done
/home/hantai/anaconda3/envs/py36/lib/python3.6/site-packages/sklearn/externals/joblib/__init__.py:15: FutureWarning: sklearn.externals.joblib is deprecated in 0.21 and will be removed in 0.23. Please import this functionality directly from joblib, which can be installed with: pip install joblib. If this warning is raised when loading pickled models, you may need to re-serialize those models with scikit-learn 0.21+.
  warnings.warn(msg, category=FutureWarning)
./test_yeast5/standlization_data/yeast5_std_train_1.csv
./test_yeast5/standlization_data/yeast5_std_test_1.csv
MLP_im3_15000
bm_num_10_half
./test_yeast5/model_MLP_im3_15000/record_1/MLP_im3_15000_1
./test_yeast5/result_MLP_im3_15000_bm_num_10_half/record_1/
----------------------



the AUC is 0.8779481132075472

the Fscore is 0.7123287671232876

the precision is 0.6341463414634146

the recall is 0.8125

Done
/home/hantai/anaconda3/envs/py36/lib/python3.6/site-packages/sklearn/externals/joblib/__init__.py:15: FutureWarning: sklearn.externals.joblib is deprecated in 0.21 and will be removed in 0.23. Please import this functionality directly from joblib, which can be installed with: pip install joblib. If this warning is raised when loading pickled models, you may need to re-serialize those models with scikit-learn 0.21+.
  warnings.warn(msg, category=FutureWarning)
./test_yeast5/standlization_data/yeast5_std_train_2.csv
./test_yeast5/standlization_data/yeast5_std_test_2.csv
MLP_im3_15000
bm_num_10_half
./test_yeast5/model_MLP_im3_15000/record_1/MLP_im3_15000_2
./test_yeast5/result_MLP_im3_15000_bm_num_10_half/record_1/
----------------------



the AUC is 0.8787878787878789

the Fscore is 0.7105263157894738

the precision is 0.627906976744186

the recall is 0.8181818181818182

Done
/home/hantai/anaconda3/envs/py36/lib/python3.6/site-packages/sklearn/externals/joblib/__init__.py:15: FutureWarning: sklearn.externals.joblib is deprecated in 0.21 and will be removed in 0.23. Please import this functionality directly from joblib, which can be installed with: pip install joblib. If this warning is raised when loading pickled models, you may need to re-serialize those models with scikit-learn 0.21+.
  warnings.warn(msg, category=FutureWarning)
./test_yeast5/standlization_data/yeast5_std_train_3.csv
./test_yeast5/standlization_data/yeast5_std_test_3.csv
MLP_im3_15000
bm_num_10_half
./test_yeast5/model_MLP_im3_15000/record_1/MLP_im3_15000_3
./test_yeast5/result_MLP_im3_15000_bm_num_10_half/record_1/
----------------------



the AUC is 0.8200757575757576

the Fscore is 0.6478873239436619

the precision is 0.6052631578947368

the recall is 0.696969696969697

Done
/home/hantai/anaconda3/envs/py36/lib/python3.6/site-packages/sklearn/externals/joblib/__init__.py:15: FutureWarning: sklearn.externals.joblib is deprecated in 0.21 and will be removed in 0.23. Please import this functionality directly from joblib, which can be installed with: pip install joblib. If this warning is raised when loading pickled models, you may need to re-serialize those models with scikit-learn 0.21+.
  warnings.warn(msg, category=FutureWarning)
./test_yeast5/standlization_data/yeast5_std_train_4.csv
./test_yeast5/standlization_data/yeast5_std_test_4.csv
MLP_im3_15000
bm_num_10_half
./test_yeast5/model_MLP_im3_15000/record_1/MLP_im3_15000_4
./test_yeast5/result_MLP_im3_15000_bm_num_10_half/record_1/
----------------------



the AUC is 0.8617424242424242

the Fscore is 0.6842105263157895

the precision is 0.6046511627906976

the recall is 0.7878787878787878

Done
/home/hantai/anaconda3/envs/py36/lib/python3.6/site-packages/sklearn/externals/joblib/__init__.py:15: FutureWarning: sklearn.externals.joblib is deprecated in 0.21 and will be removed in 0.23. Please import this functionality directly from joblib, which can be installed with: pip install joblib. If this warning is raised when loading pickled models, you may need to re-serialize those models with scikit-learn 0.21+.
  warnings.warn(msg, category=FutureWarning)
./test_yeast5/standlization_data/yeast5_std_train_5.csv
./test_yeast5/standlization_data/yeast5_std_test_5.csv
MLP_im3_15000
bm_num_10_half
./test_yeast5/model_MLP_im3_15000/record_1/MLP_im3_15000_5
./test_yeast5/result_MLP_im3_15000_bm_num_10_half/record_1/
----------------------



the AUC is 0.9204545454545454

the Fscore is 0.8115942028985507

the precision is 0.7567567567567568

the recall is 0.875

Done
/home/hantai/anaconda3/envs/py36/lib/python3.6/site-packages/sklearn/externals/joblib/__init__.py:15: FutureWarning: sklearn.externals.joblib is deprecated in 0.21 and will be removed in 0.23. Please import this functionality directly from joblib, which can be installed with: pip install joblib. If this warning is raised when loading pickled models, you may need to re-serialize those models with scikit-learn 0.21+.
  warnings.warn(msg, category=FutureWarning)
./test_yeast5/standlization_data/yeast5_std_train_1.csv
./test_yeast5/standlization_data/yeast5_std_test_1.csv
MLP_im3_20000
bm_num_10_half
./test_yeast5/model_MLP_im3_20000/record_1/MLP_im3_20000_1
./test_yeast5/result_MLP_im3_20000_bm_num_10_half/record_1/
----------------------



the AUC is 0.8466981132075472

the Fscore is 0.676056338028169

the precision is 0.6153846153846154

the recall is 0.75

Done
/home/hantai/anaconda3/envs/py36/lib/python3.6/site-packages/sklearn/externals/joblib/__init__.py:15: FutureWarning: sklearn.externals.joblib is deprecated in 0.21 and will be removed in 0.23. Please import this functionality directly from joblib, which can be installed with: pip install joblib. If this warning is raised when loading pickled models, you may need to re-serialize those models with scikit-learn 0.21+.
  warnings.warn(msg, category=FutureWarning)
./test_yeast5/standlization_data/yeast5_std_train_2.csv
./test_yeast5/standlization_data/yeast5_std_test_2.csv
MLP_im3_20000
bm_num_10_half
./test_yeast5/model_MLP_im3_20000/record_1/MLP_im3_20000_2
./test_yeast5/result_MLP_im3_20000_bm_num_10_half/record_1/
----------------------



the AUC is 0.8825757575757577

the Fscore is 0.7297297297297297

the precision is 0.6585365853658537

the recall is 0.8181818181818182

Done
/home/hantai/anaconda3/envs/py36/lib/python3.6/site-packages/sklearn/externals/joblib/__init__.py:15: FutureWarning: sklearn.externals.joblib is deprecated in 0.21 and will be removed in 0.23. Please import this functionality directly from joblib, which can be installed with: pip install joblib. If this warning is raised when loading pickled models, you may need to re-serialize those models with scikit-learn 0.21+.
  warnings.warn(msg, category=FutureWarning)
./test_yeast5/standlization_data/yeast5_std_train_3.csv
./test_yeast5/standlization_data/yeast5_std_test_3.csv
MLP_im3_20000
bm_num_10_half
./test_yeast5/model_MLP_im3_20000/record_1/MLP_im3_20000_3
./test_yeast5/result_MLP_im3_20000_bm_num_10_half/record_1/
----------------------



the AUC is 0.821969696969697

the Fscore is 0.6571428571428571

the precision is 0.6216216216216216

the recall is 0.696969696969697

Done
/home/hantai/anaconda3/envs/py36/lib/python3.6/site-packages/sklearn/externals/joblib/__init__.py:15: FutureWarning: sklearn.externals.joblib is deprecated in 0.21 and will be removed in 0.23. Please import this functionality directly from joblib, which can be installed with: pip install joblib. If this warning is raised when loading pickled models, you may need to re-serialize those models with scikit-learn 0.21+.
  warnings.warn(msg, category=FutureWarning)
./test_yeast5/standlization_data/yeast5_std_train_4.csv
./test_yeast5/standlization_data/yeast5_std_test_4.csv
MLP_im3_20000
bm_num_10_half
./test_yeast5/model_MLP_im3_20000/record_1/MLP_im3_20000_4
./test_yeast5/result_MLP_im3_20000_bm_num_10_half/record_1/
----------------------



the AUC is 0.8768939393939394

the Fscore is 0.7012987012987013

the precision is 0.6136363636363636

the recall is 0.8181818181818182

Done
/home/hantai/anaconda3/envs/py36/lib/python3.6/site-packages/sklearn/externals/joblib/__init__.py:15: FutureWarning: sklearn.externals.joblib is deprecated in 0.21 and will be removed in 0.23. Please import this functionality directly from joblib, which can be installed with: pip install joblib. If this warning is raised when loading pickled models, you may need to re-serialize those models with scikit-learn 0.21+.
  warnings.warn(msg, category=FutureWarning)
./test_yeast5/standlization_data/yeast5_std_train_5.csv
./test_yeast5/standlization_data/yeast5_std_test_5.csv
MLP_im3_20000
bm_num_10_half
./test_yeast5/model_MLP_im3_20000/record_1/MLP_im3_20000_5
./test_yeast5/result_MLP_im3_20000_bm_num_10_half/record_1/
----------------------



the AUC is 0.8617424242424242

the Fscore is 0.7619047619047619

the precision is 0.7741935483870968

the recall is 0.75

Done
/home/hantai/anaconda3/envs/py36/lib/python3.6/site-packages/sklearn/externals/joblib/__init__.py:15: FutureWarning: sklearn.externals.joblib is deprecated in 0.21 and will be removed in 0.23. Please import this functionality directly from joblib, which can be installed with: pip install joblib. If this warning is raised when loading pickled models, you may need to re-serialize those models with scikit-learn 0.21+.
  warnings.warn(msg, category=FutureWarning)
./test_yeast5/standlization_data/yeast5_std_train_1.csv
./test_yeast5/standlization_data/yeast5_std_test_1.csv
MLP_im3_2000
im_num_10_half
./test_yeast5/model_MLP_im3_2000/record_1/MLP_im3_2000_1
./test_yeast5/result_MLP_im3_2000_im_num_10_half/record_1/
----------------------



the AUC is 0.9030070754716981

the Fscore is 0.7826086956521738

the precision is 0.7297297297297297

the recall is 0.84375

Done
/home/hantai/anaconda3/envs/py36/lib/python3.6/site-packages/sklearn/externals/joblib/__init__.py:15: FutureWarning: sklearn.externals.joblib is deprecated in 0.21 and will be removed in 0.23. Please import this functionality directly from joblib, which can be installed with: pip install joblib. If this warning is raised when loading pickled models, you may need to re-serialize those models with scikit-learn 0.21+.
  warnings.warn(msg, category=FutureWarning)
./test_yeast5/standlization_data/yeast5_std_train_2.csv
./test_yeast5/standlization_data/yeast5_std_test_2.csv
MLP_im3_2000
im_num_10_half
./test_yeast5/model_MLP_im3_2000/record_1/MLP_im3_2000_2
./test_yeast5/result_MLP_im3_2000_im_num_10_half/record_1/
----------------------



the AUC is 0.8712121212121212

the Fscore is 0.8064516129032258

the precision is 0.8620689655172413

the recall is 0.7575757575757576

Done
/home/hantai/anaconda3/envs/py36/lib/python3.6/site-packages/sklearn/externals/joblib/__init__.py:15: FutureWarning: sklearn.externals.joblib is deprecated in 0.21 and will be removed in 0.23. Please import this functionality directly from joblib, which can be installed with: pip install joblib. If this warning is raised when loading pickled models, you may need to re-serialize those models with scikit-learn 0.21+.
  warnings.warn(msg, category=FutureWarning)
./test_yeast5/standlization_data/yeast5_std_train_3.csv
./test_yeast5/standlization_data/yeast5_std_test_3.csv
MLP_im3_2000
im_num_10_half
./test_yeast5/model_MLP_im3_2000/record_1/MLP_im3_2000_3
./test_yeast5/result_MLP_im3_2000_im_num_10_half/record_1/
----------------------



the AUC is 0.8124999999999999

the Fscore is 0.6666666666666666

the precision is 0.6666666666666666

the recall is 0.6666666666666666

Done
/home/hantai/anaconda3/envs/py36/lib/python3.6/site-packages/sklearn/externals/joblib/__init__.py:15: FutureWarning: sklearn.externals.joblib is deprecated in 0.21 and will be removed in 0.23. Please import this functionality directly from joblib, which can be installed with: pip install joblib. If this warning is raised when loading pickled models, you may need to re-serialize those models with scikit-learn 0.21+.
  warnings.warn(msg, category=FutureWarning)
./test_yeast5/standlization_data/yeast5_std_train_4.csv
./test_yeast5/standlization_data/yeast5_std_test_4.csv
MLP_im3_2000
im_num_10_half
./test_yeast5/model_MLP_im3_2000/record_1/MLP_im3_2000_4
./test_yeast5/result_MLP_im3_2000_im_num_10_half/record_1/
----------------------



the AUC is 0.9166666666666667

the Fscore is 0.7837837837837839

the precision is 0.7073170731707317

the recall is 0.8787878787878788

Done
/home/hantai/anaconda3/envs/py36/lib/python3.6/site-packages/sklearn/externals/joblib/__init__.py:15: FutureWarning: sklearn.externals.joblib is deprecated in 0.21 and will be removed in 0.23. Please import this functionality directly from joblib, which can be installed with: pip install joblib. If this warning is raised when loading pickled models, you may need to re-serialize those models with scikit-learn 0.21+.
  warnings.warn(msg, category=FutureWarning)
./test_yeast5/standlization_data/yeast5_std_train_5.csv
./test_yeast5/standlization_data/yeast5_std_test_5.csv
MLP_im3_2000
im_num_10_half
./test_yeast5/model_MLP_im3_2000/record_1/MLP_im3_2000_5
./test_yeast5/result_MLP_im3_2000_im_num_10_half/record_1/
----------------------



the AUC is 0.9261363636363636

the Fscore is 0.8484848484848485

the precision is 0.8235294117647058

the recall is 0.875

Done
/home/hantai/anaconda3/envs/py36/lib/python3.6/site-packages/sklearn/externals/joblib/__init__.py:15: FutureWarning: sklearn.externals.joblib is deprecated in 0.21 and will be removed in 0.23. Please import this functionality directly from joblib, which can be installed with: pip install joblib. If this warning is raised when loading pickled models, you may need to re-serialize those models with scikit-learn 0.21+.
  warnings.warn(msg, category=FutureWarning)
./test_yeast5/standlization_data/yeast5_std_train_1.csv
./test_yeast5/standlization_data/yeast5_std_test_1.csv
MLP_im3_5000
im_num_10_half
./test_yeast5/model_MLP_im3_5000/record_1/MLP_im3_5000_1
./test_yeast5/result_MLP_im3_5000_im_num_10_half/record_1/
----------------------



the AUC is 0.9048938679245283

the Fscore is 0.7941176470588235

the precision is 0.75

the recall is 0.84375

Done
/home/hantai/anaconda3/envs/py36/lib/python3.6/site-packages/sklearn/externals/joblib/__init__.py:15: FutureWarning: sklearn.externals.joblib is deprecated in 0.21 and will be removed in 0.23. Please import this functionality directly from joblib, which can be installed with: pip install joblib. If this warning is raised when loading pickled models, you may need to re-serialize those models with scikit-learn 0.21+.
  warnings.warn(msg, category=FutureWarning)
./test_yeast5/standlization_data/yeast5_std_train_2.csv
./test_yeast5/standlization_data/yeast5_std_test_2.csv
MLP_im3_5000
im_num_10_half
./test_yeast5/model_MLP_im3_5000/record_1/MLP_im3_5000_2
./test_yeast5/result_MLP_im3_5000_im_num_10_half/record_1/
----------------------



the AUC is 0.8371212121212122

the Fscore is 0.7419354838709677

the precision is 0.7931034482758621

the recall is 0.696969696969697

Done
/home/hantai/anaconda3/envs/py36/lib/python3.6/site-packages/sklearn/externals/joblib/__init__.py:15: FutureWarning: sklearn.externals.joblib is deprecated in 0.21 and will be removed in 0.23. Please import this functionality directly from joblib, which can be installed with: pip install joblib. If this warning is raised when loading pickled models, you may need to re-serialize those models with scikit-learn 0.21+.
  warnings.warn(msg, category=FutureWarning)
./test_yeast5/standlization_data/yeast5_std_train_3.csv
./test_yeast5/standlization_data/yeast5_std_test_3.csv
MLP_im3_5000
im_num_10_half
./test_yeast5/model_MLP_im3_5000/record_1/MLP_im3_5000_3
./test_yeast5/result_MLP_im3_5000_im_num_10_half/record_1/
----------------------



the AUC is 0.8011363636363636

the Fscore is 0.6666666666666666

the precision is 0.7

the recall is 0.6363636363636364

Done
/home/hantai/anaconda3/envs/py36/lib/python3.6/site-packages/sklearn/externals/joblib/__init__.py:15: FutureWarning: sklearn.externals.joblib is deprecated in 0.21 and will be removed in 0.23. Please import this functionality directly from joblib, which can be installed with: pip install joblib. If this warning is raised when loading pickled models, you may need to re-serialize those models with scikit-learn 0.21+.
  warnings.warn(msg, category=FutureWarning)
./test_yeast5/standlization_data/yeast5_std_train_4.csv
./test_yeast5/standlization_data/yeast5_std_test_4.csv
MLP_im3_5000
im_num_10_half
./test_yeast5/model_MLP_im3_5000/record_1/MLP_im3_5000_4
./test_yeast5/result_MLP_im3_5000_im_num_10_half/record_1/
----------------------



the AUC is 0.8882575757575759

the Fscore is 0.7605633802816901

the precision is 0.7105263157894737

the recall is 0.8181818181818182

Done
/home/hantai/anaconda3/envs/py36/lib/python3.6/site-packages/sklearn/externals/joblib/__init__.py:15: FutureWarning: sklearn.externals.joblib is deprecated in 0.21 and will be removed in 0.23. Please import this functionality directly from joblib, which can be installed with: pip install joblib. If this warning is raised when loading pickled models, you may need to re-serialize those models with scikit-learn 0.21+.
  warnings.warn(msg, category=FutureWarning)
./test_yeast5/standlization_data/yeast5_std_train_5.csv
./test_yeast5/standlization_data/yeast5_std_test_5.csv
MLP_im3_5000
im_num_10_half
./test_yeast5/model_MLP_im3_5000/record_1/MLP_im3_5000_5
./test_yeast5/result_MLP_im3_5000_im_num_10_half/record_1/
----------------------



the AUC is 0.8792613636363636

the Fscore is 0.7936507936507936

the precision is 0.8064516129032258

the recall is 0.78125

Done
